<?xml version="1.0" encoding="UTF-8"?>
<!-- Generated by org.testng.reporters.JUnitXMLReporter -->
<testsuite hostname="DESKTOP-KRCKQJV" ignored="0" name="Test" tests="3" failures="0" timestamp="2020-06-18T23:31:54 IST" time="140.89" errors="0">
  <testcase name="Pagenevigation" time="12.181" classname="HomePage.ValidationOfText"/>
  <testcase name="Pagenevigation" time="63.344" classname="HomePage.Homepage"/>
  <testcase name="Pagenevigation" time="53.235" classname="HomePage.Homepage"/>
</testsuite> <!-- Test -->
