-------------------------------------------------------------------------------
Test set: TestSuite
-------------------------------------------------------------------------------
Tests run: 3, Failures: 1, Errors: 0, Skipped: 0, Time elapsed: 110.097 s <<< FAILURE! - in TestSuite
HomePage.ValidationOfText.Pagenevigation  Time elapsed: 34.102 s  <<< FAILURE!
java.lang.AssertionError: expected [FATURED COURSES] but found [FEATURED COURSES]
	at HomePage.ValidationOfText.Pagenevigation(ValidationOfText.java:24)

